<?xml version="1.0" encoding="UTF-8"?>
<testsuite xmlns:xsi="http://www.w3.org/2001/XMLSchema-instance" xsi:noNamespaceSchemaLocation="https://maven.apache.org/surefire/maven-surefire-plugin/xsd/surefire-test-report.xsd" name="org.Gorbachev.HomeWork_03.Test.GetRegionApiTest" time="0.804" tests="1" errors="0" skipped="0" failures="0">
  <properties>
[...]
</properties>
  <testcase name="getRegionInfo_shouldReturnValidData" classname="org.Gorbachev.HomeWork_03.Test.GetRegionApiTest" time="0.804"/>
</testsuite>